{"C:\\Users\\monit\\Documents\\proyectos\\empresariales\\dojo-jest\\api.calculator.js": {"path":"C:\\Users\\monit\\Documents\\proyectos\\empresariales\\dojo-jest\\api.calculator.js","statementMap":{"0":{"start":{"line":1,"column":16},"end":{"line":1,"column":34}},"1":{"start":{"line":2,"column":12},"end":{"line":2,"column":21}},"2":{"start":{"line":3,"column":12},"end":{"line":3,"column":35}},"3":{"start":{"line":5,"column":0},"end":{"line":11,"column":3}},"4":{"start":{"line":6,"column":12},"end":{"line":6,"column":33}},"5":{"start":{"line":7,"column":12},"end":{"line":7,"column":33}},"6":{"start":{"line":8,"column":4},"end":{"line":10,"column":7}},"7":{"start":{"line":13,"column":0},"end":{"line":19,"column":3}},"8":{"start":{"line":14,"column":12},"end":{"line":14,"column":33}},"9":{"start":{"line":15,"column":12},"end":{"line":15,"column":33}},"10":{"start":{"line":16,"column":4},"end":{"line":18,"column":7}},"11":{"start":{"line":22,"column":0},"end":{"line":22,"column":21}}},"fnMap":{"0":{"name":"(anonymous_0)","decl":{"start":{"line":5,"column":16},"end":{"line":5,"column":17}},"loc":{"start":{"line":5,"column":29},"end":{"line":11,"column":1}},"line":5},"1":{"name":"(anonymous_1)","decl":{"start":{"line":13,"column":21},"end":{"line":13,"column":22}},"loc":{"start":{"line":13,"column":34},"end":{"line":19,"column":1}},"line":13}},"branchMap":{},"s":{"0":1,"1":1,"2":1,"3":1,"4":4,"5":4,"6":4,"7":1,"8":4,"9":4,"10":4,"11":1},"f":{"0":4,"1":4},"b":{},"_coverageSchema":"1a1c01bbd47fc00a2c39e90264f33305004495a9","hash":"7cc85e6c8dbf54b5deed866ed490bffe31eaebec"}
,"C:\\Users\\monit\\Documents\\proyectos\\empresariales\\dojo-jest\\calculator.js": {"path":"C:\\Users\\monit\\Documents\\proyectos\\empresariales\\dojo-jest\\calculator.js","statementMap":{"0":{"start":{"line":8,"column":4},"end":{"line":8,"column":15}},"1":{"start":{"line":18,"column":4},"end":{"line":18,"column":15}},"2":{"start":{"line":21,"column":0},"end":{"line":21,"column":25}},"3":{"start":{"line":22,"column":0},"end":{"line":22,"column":37}}},"fnMap":{"0":{"name":"add","decl":{"start":{"line":7,"column":10},"end":{"line":7,"column":13}},"loc":{"start":{"line":7,"column":20},"end":{"line":9,"column":1}},"line":7},"1":{"name":"substract","decl":{"start":{"line":17,"column":9},"end":{"line":17,"column":18}},"loc":{"start":{"line":17,"column":25},"end":{"line":19,"column":1}},"line":17}},"branchMap":{},"s":{"0":6,"1":6,"2":2,"3":2},"f":{"0":6,"1":6},"b":{},"_coverageSchema":"1a1c01bbd47fc00a2c39e90264f33305004495a9","hash":"bbd4a7434a0760c431fb3e90d482b72ce767889c"}
}
